Efficiency Analysis Results
----------------------------------------
Iterations: 100
Files: 70
Total Consulting Time: 178.440771973 seconds
----------------------------------------
Total Time for '/bin/dclient -s praia': 4.995449037 seconds
Total Time for '/bin/dclient -s praia 10': 5.227373255 seconds
Total Time for '/bin/dclient -s praia 100': 5.060341903 seconds

AFTER

Efficiency Analysis Results
----------------------------------------
Iterations: 100
Files: 70
Total Consulting Time: 176.054844284 seconds
----------------------------------------
Total Time for '/bin/dclient -s praia': 5.013259950 seconds
Total Time for '/bin/dclient -s praia 10': 5.320156821 seconds
Total Time for '/bin/dclient -s praia 100': 4.958392479 seconds

Efficiency Analysis Results
----------------------------------------
Iterations: 50
Files: 70
Total Consulting Time: 91.280481914 seconds
----------------------------------------
Total Time for '/bin/dclient -s praia': 4.895097519 seconds
Total Time for '/bin/dclient -s praia 10': 4.958818870 seconds
Total Time for '/bin/dclient -s praia 100': 5.120442927 seconds

Efficiency Analysis Results
----------------------------------------
Iterations: 50
Files: 100
Total Consulting Time: 103.088489108 seconds
----------------------------------------
Total Time for '/bin/dclient -s praia': 4.442543803 seconds
Total Time for '/bin/dclient -s praia 10': 4.085692356 seconds
Total Time for '/bin/dclient -s praia 100': 4.315979999 seconds

Efficiency Analysis Results
----------------------------------------
Iterations: 50
Files: 500
Total Consulting Time: 509.578997680 seconds
----------------------------------------
Total Time for '/bin/dclient -s praia': 4.207184656 seconds
Total Time for '/bin/dclient -s praia 10': 4.218943398 seconds
Total Time for '/bin/dclient -s praia 100': 4.009348931 seconds
