Efficiency Analysis Results
----------------------------------------
Iterations: 10
Files: 50
Total Consulting Time: 10.221016376 seconds
----------------------------------------
Total Time for '/bin/dclient -s praia': 4.929441782 seconds
Total Time for '/bin/dclient -s praia 10': 4.536623072 seconds
Total Time for '/bin/dclient -s praia 100': 4.982961111 seconds

Efficiency Analysis Results
----------------------------------------
Iterations: 10
Files: 50
Total Consulting Time: 8.153922153 seconds
----------------------------------------
Total Time for '/bin/dclient -s praia': 3.853948762 seconds
Total Time for '/bin/dclient -s praia 10': 3.801540894 seconds
Total Time for '/bin/dclient -s praia 100': 3.885210312 seconds


Efficiency Analysis Results
----------------------------------------
Iterations: 100
Files: 10
Total Consulting Time: 23.234896364 seconds
----------------------------------------
Total Time for '/bin/dclient -s praia': 4.585579655 seconds
Total Time for '/bin/dclient -s praia 10': 4.796986057 seconds
Total Time for '/bin/dclient -s praia 100': 4.709532538 seconds


Efficiency Analysis Results
----------------------------------------
Iterations: 100
Files: 70
Total Consulting Time: 180.211660513 seconds
----------------------------------------
Total Time for '/bin/dclient -s praia': 4.984534350 seconds
Total Time for '/bin/dclient -s praia 10': 5.099756153 seconds
Total Time for '/bin/dclient -s praia 100': 4.975148155 seconds

AFTER:
